<?xml version="1.0" encoding="UTF-8"?>
<!-- Generated by org.testng.reporters.JUnitReportReporter -->
<testsuite hostname="LAPTOP-THRAT7PR" failures="0" tests="1" name="testscripts.LoginTest" time="11.682" errors="0" timestamp="2024-08-08T18:47:16 NZST" skipped="0">
  <testcase classname="testscripts.LoginTest" name="verifyWhetherTheUserIsAbleToLoginWithCorrectUserNameAndCorrectPassword" time="11.682"/>
</testsuite> <!-- testscripts.LoginTest -->
