<?xml version="1.0" encoding="UTF-8"?>
<!-- Generated by org.testng.reporters.JUnitReportReporter -->
<testsuite hostname="LAPTOP-THRAT7PR" failures="0" tests="1" name="testscripts.AdminTest" time="32.639" errors="0" timestamp="2024-08-06T18:59:47 NZST" skipped="0">
  <testcase classname="testscripts.AdminTest" name="verifyIfAUserCanBeSearched" time="32.639"/>
</testsuite> <!-- testscripts.AdminTest -->
