<?xml version="1.0" encoding="UTF-8"?>
<!-- Generated by org.testng.reporters.JUnitReportReporter -->
<testsuite hostname="LAPTOP-THRAT7PR" failures="0" tests="1" name="testscripts.ManageNewsTest" time="59.739" errors="0" timestamp="2024-08-06T18:58:35 NZST" skipped="0">
  <testcase classname="testscripts.ManageNewsTest" name="verifyIfAProductCanBeSearchedUsingItsTitle" time="59.739"/>
</testsuite> <!-- testscripts.ManageNewsTest -->
