<?xml version="1.0" encoding="UTF-8"?>
<!-- Generated by org.testng.reporters.JUnitReportReporter -->
<testsuite hostname="LAPTOP-THRAT7PR" failures="0" tests="2" name="testscripts.LoginTest" time="10.834" errors="0" timestamp="2024-08-11T22:39:22 NZST" skipped="0">
  <testcase classname="testscripts.LoginTest" name="verifyWhetherUserIsUnabletoLoginUsingIncorrectUserNameAndInCorrectPassword" time="6.798"/>
  <testcase classname="testscripts.LoginTest" name="verifyWhetherUserIsUnabletoLoginUsingIncorrectUserNameAndInCorrectPassword" time="4.036"/>
</testsuite> <!-- testscripts.LoginTest -->
